<?xml version="1.0" encoding="UTF-8"?>
<coverage generated="1675932878037" clover="3.2.0">
  <project timestamp="1675932878038" name="All files">
    <metrics statements="11" coveredstatements="10" conditionals="0" coveredconditionals="0" methods="5" coveredmethods="4" elements="16" coveredelements="14" complexity="0" loc="11" ncloc="11" packages="1" files="3" classes="3"/>
    <file name="cloneArray.ts" path="C:\Users\80508\Desktop\jest-study\ts\cloneArray.ts">
      <metrics statements="3" coveredstatements="3" conditionals="0" coveredconditionals="0" methods="1" coveredmethods="1"/>
      <line num="1" count="1" type="stmt"/>
      <line num="2" count="1" type="stmt"/>
      <line num="5" count="1" type="stmt"/>
    </file>
    <file name="getSum.ts" path="C:\Users\80508\Desktop\jest-study\ts\getSum.ts">
      <metrics statements="3" coveredstatements="3" conditionals="0" coveredconditionals="0" methods="2" coveredmethods="2"/>
      <line num="1" count="1" type="stmt"/>
      <line num="2" count="2" type="stmt"/>
      <line num="5" count="1" type="stmt"/>
    </file>
    <file name="substract.ts" path="C:\Users\80508\Desktop\jest-study\ts\substract.ts">
      <metrics statements="5" coveredstatements="4" conditionals="0" coveredconditionals="0" methods="2" coveredmethods="1"/>
      <line num="1" count="1" type="stmt"/>
      <line num="2" count="1" type="stmt"/>
      <line num="5" count="1" type="stmt"/>
      <line num="6" count="0" type="stmt"/>
      <line num="10" count="1" type="stmt"/>
    </file>
  </project>
</coverage>
